2025-08-22 20:48:51,816 [INFO] Activator:176 - 


2025-08-22 20:48:51,818 [INFO] Activator:177 - !SESSION log4j initialized
2025-08-22 20:48:56,240 [INFO] LogOutputStream:77 - [STDOUT_REDIRECT] 
2025-08-22 20:48:59,020 [INFO] ApplicationProperties:184 - Using Application install path: C:\ST\STM32CubeIDE_1.16.1\STM32CubeIDE\plugins\com.st.stm32cube.common.mx_6.14.0.202502271554
2025-08-22 20:48:59,040 [INFO] DbMcusXml:78 - Set database path to: C:\ST\STM32CubeIDE_1.16.1\STM32CubeIDE\plugins\com.st.stm32cube.common.mx_6.14.0.202502271554\\db\/mcu/
2025-08-22 20:48:59,041 [INFO] ApiDb:274 - Set plugin database path to: C:\ST\STM32CubeIDE_1.16.1\STM32CubeIDE\plugins\com.st.stm32cube.common.mx_6.14.0.202502271554\\db\/plugins/boardmanager/
2025-08-22 20:48:59,041 [WARN] ApiDb:259 - Overriding images path with different value:  => C:\ST\STM32CubeIDE_1.16.1\STM32CubeIDE\plugins\com.st.stm32cube.common.mx_6.14.0.202502271554\\db\/plugins/mcufinder/images/
2025-08-22 20:48:59,053 [INFO] ApiDb:250 - Set database path to: C:\Users\amen\.stmcufinder\plugins\mcufinder//mcu/
2025-08-22 20:48:59,054 [INFO] DbMcusAds:125 - Set database path to: C:\Users\amen\.stmcufinder\plugins\mcufinder//mcu/
2025-08-22 20:48:59,057 [INFO] CrossReferenceDbSqlite:203 - Set database path to: C:\Users\amen\.stmcufinder\plugins\mcufinder//mcu/cs/
2025-08-22 20:48:59,228 [INFO] RulesReader:64 - Compatibility file has been processed (301 Rules)
2025-08-22 20:48:59,369 [INFO] DbMcusXml:78 - Set database path to: C:\ST\STM32CubeIDE_1.16.1\STM32CubeIDE\plugins\com.st.stm32cube.common.mx_6.14.0.202502271554\\db\/mcu/
2025-08-22 20:48:59,369 [INFO] ApiDb:274 - Set plugin database path to: C:\ST\STM32CubeIDE_1.16.1\STM32CubeIDE\plugins\com.st.stm32cube.common.mx_6.14.0.202502271554\\db\/plugins/boardmanager/
2025-08-22 20:48:59,370 [INFO] ApiDb:261 - Set plugin images path to: C:\ST\STM32CubeIDE_1.16.1\STM32CubeIDE\plugins\com.st.stm32cube.common.mx_6.14.0.202502271554\\db\/plugins/mcufinder/images/
2025-08-22 20:48:59,370 [WARN] DbFile:41 - Overriding database path with different value: C:\Users\amen\.stmcufinder\plugins\mcufinder/ => C:\Users\amen\.stmcufinder\plugins\mcufinder
2025-08-22 20:48:59,370 [INFO] ApiDb:250 - Set database path to: C:\Users\amen\.stmcufinder\plugins\mcufinder//mcu/
2025-08-22 20:48:59,370 [WARN] DbFile:41 - Overriding database path with different value: C:\Users\amen\.stmcufinder\plugins\mcufinder/ => C:\Users\amen\.stmcufinder\plugins\mcufinder
2025-08-22 20:48:59,370 [INFO] DbMcusAds:125 - Set database path to: C:\Users\amen\.stmcufinder\plugins\mcufinder//mcu/
2025-08-22 20:48:59,371 [WARN] DbFile:41 - Overriding database path with different value: C:\Users\amen\.stmcufinder\plugins\mcufinder/ => C:\Users\amen\.stmcufinder\plugins\mcufinder
2025-08-22 20:48:59,371 [WARN] DbFile:41 - Overriding database path with different value: C:\Users\amen\.stmcufinder\plugins\mcufinder/ => C:\Users\amen\.stmcufinder\plugins\mcufinder
2025-08-22 20:48:59,371 [INFO] CrossReferenceDbSqlite:203 - Set database path to: C:\Users\amen\.stmcufinder\plugins\mcufinder//mcu/cs/
2025-08-22 20:48:59,478 [INFO] MainPanel:272 - HeapMemory: 268435456
2025-08-22 20:48:59,736 [INFO] DbMcusXml:78 - Set database path to: C:\ST\STM32CubeIDE_1.16.1\STM32CubeIDE\plugins\com.st.stm32cube.common.mx_6.14.0.202502271554\\db\/mcu/
2025-08-22 20:48:59,737 [INFO] ApiDb:274 - Set plugin database path to: C:\ST\STM32CubeIDE_1.16.1\STM32CubeIDE\plugins\com.st.stm32cube.common.mx_6.14.0.202502271554\\db\/plugins/boardmanager/
2025-08-22 20:48:59,737 [INFO] ApiDb:261 - Set plugin images path to: C:\ST\STM32CubeIDE_1.16.1\STM32CubeIDE\plugins\com.st.stm32cube.common.mx_6.14.0.202502271554\\db\/plugins/mcufinder/images/
2025-08-22 20:48:59,738 [WARN] DbFile:41 - Overriding database path with different value: C:\Users\amen\.stmcufinder\plugins\mcufinder/ => C:\Users\amen\.stmcufinder\plugins\mcufinder
2025-08-22 20:48:59,738 [INFO] ApiDb:250 - Set database path to: C:\Users\amen\.stmcufinder\plugins\mcufinder//mcu/
2025-08-22 20:48:59,738 [WARN] DbFile:41 - Overriding database path with different value: C:\Users\amen\.stmcufinder\plugins\mcufinder/ => C:\Users\amen\.stmcufinder\plugins\mcufinder
2025-08-22 20:48:59,739 [INFO] DbMcusAds:125 - Set database path to: C:\Users\amen\.stmcufinder\plugins\mcufinder//mcu/
2025-08-22 20:48:59,739 [WARN] DbFile:41 - Overriding database path with different value: C:\Users\amen\.stmcufinder\plugins\mcufinder/ => C:\Users\amen\.stmcufinder\plugins\mcufinder
2025-08-22 20:48:59,739 [WARN] DbFile:41 - Overriding database path with different value: C:\Users\amen\.stmcufinder\plugins\mcufinder/ => C:\Users\amen\.stmcufinder\plugins\mcufinder
2025-08-22 20:48:59,739 [INFO] CrossReferenceDbSqlite:203 - Set database path to: C:\Users\amen\.stmcufinder\plugins\mcufinder//mcu/cs/
2025-08-22 20:48:59,795 [INFO] ApplicationProperties:184 - Using Application install path: C:\ST\STM32CubeIDE_1.16.1\STM32CubeIDE\plugins\com.st.stm32cube.common.mx_6.14.0.202502271554
2025-08-22 20:48:59,797 [INFO] PluginManage:196 - Search for loadable plugins [exclusion list=, ]
2025-08-22 20:48:59,800 [INFO] PluginManage:310 - Check plugin analytics
2025-08-22 20:49:00,299 [INFO] AnalyticsPlugin:253 - Accepted Software Licenses: STM32CubeMX.6.14.0,STM32CubeMX.6.15.0
2025-08-22 20:49:00,299 [INFO] AnalyticsPlugin:255 - Accepted CMSIS Pack Licenses: STMicroelectronics.X-CUBE-AI.10.1.0
2025-08-22 20:49:00,300 [INFO] AnalyticsPlugin:257 - Accepted Firmware Licenses: FW.F4.1.28.0,FW.H7.1.11.0,FW.H7.1.12.0,FW.U5.1.8.0
2025-08-22 20:49:00,313 [INFO] PluginManage:359 - Loaded plugin analytics (category:tool,tabindex:-1)
2025-08-22 20:49:00,314 [INFO] PluginManage:310 - Check plugin cadmodel
2025-08-22 20:49:00,340 [INFO] CADModel:105 - Init CAD model plugin
2025-08-22 20:49:00,340 [INFO] PluginManage:359 - Loaded plugin cadmodel (category:power,tabindex:5)
2025-08-22 20:49:00,341 [INFO] PluginManage:310 - Check plugin clock
2025-08-22 20:49:00,356 [INFO] PluginManage:359 - Loaded plugin clock (category:base,tabindex:2)
2025-08-22 20:49:00,356 [INFO] PluginManage:310 - Check plugin ddr
2025-08-22 20:49:00,360 [INFO] PluginManage:359 - Loaded plugin ddr (category:tool,tabindex:6)
2025-08-22 20:49:00,360 [INFO] PluginManage:310 - Check plugin filemanager
2025-08-22 20:49:00,611 [INFO] PluginManage:359 - Loaded plugin filemanager (category:base,tabindex:10)
2025-08-22 20:49:00,612 [INFO] PluginManage:310 - Check plugin ipmanager
2025-08-22 20:49:00,622 [INFO] PluginManage:359 - Loaded plugin ipmanager (category:base,tabindex:5)
2025-08-22 20:49:00,622 [INFO] PluginManage:310 - Check plugin lpbam
2025-08-22 20:49:00,634 [INFO] PluginManage:359 - Loaded plugin lpbam (category:base,tabindex:0)
2025-08-22 20:49:00,634 [INFO] PluginManage:310 - Check plugin memorymap
2025-08-22 20:49:00,660 [INFO] PluginManage:359 - Loaded plugin memorymap (category:base,tabindex:4)
2025-08-22 20:49:00,660 [INFO] PluginManage:310 - Check plugin pinoutandconfiguration
2025-08-22 20:49:00,675 [INFO] PluginManage:359 - Loaded plugin pinoutandconfiguration (category:base,tabindex:1)
2025-08-22 20:49:00,675 [INFO] PluginManage:310 - Check plugin pinoutconfig
2025-08-22 20:49:00,809 [WARN] SupportedApi:132 - Cannot load RTOS API schema: s4s-elt-must-match.1: The content of 'definitions' must match (annotation?, (simpleType | complexType)?, (unique | key | keyref)*)). A problem was found starting at: attribute.
2025-08-22 20:49:01,012 [INFO] PluginManage:359 - Loaded plugin pinoutconfig (category:base,tabindex:0)
2025-08-22 20:49:01,013 [INFO] PluginManage:310 - Check plugin power
2025-08-22 20:49:01,029 [INFO] PluginManage:359 - Loaded plugin power (category:power,tabindex:4)
2025-08-22 20:49:01,029 [INFO] PluginManage:310 - Check plugin projectmanager
2025-08-22 20:49:01,052 [INFO] PluginManage:359 - Loaded plugin projectmanager (category:projectmanager,tabindex:4)
2025-08-22 20:49:01,053 [INFO] PluginManage:310 - Check plugin rif
2025-08-22 20:49:01,067 [INFO] PluginManage:359 - Loaded plugin rif (category:base,tabindex:3)
2025-08-22 20:49:01,069 [INFO] PluginManage:310 - Check plugin thirdparty
2025-08-22 20:49:01,307 [INFO] PluginManage:359 - Loaded plugin thirdparty (category:base,tabindex:-1)
2025-08-22 20:49:01,307 [INFO] PluginManage:310 - Check plugin tools
2025-08-22 20:49:01,307 [WARN] IntegrityCheckThread:84 - waiting for thirdparty lock release [integrity check]
2025-08-22 20:49:01,308 [INFO] IntegrityCheckThread:86 - entering critical section [integrity check]
2025-08-22 20:49:01,308 [INFO] ThirdPartyUpdaterWithRetryManager:70 - Updater plugin not ready yet. [1/15]
2025-08-22 20:49:01,312 [INFO] PluginManage:359 - Loaded plugin tools (category:base,tabindex:7)
2025-08-22 20:49:01,312 [INFO] PluginManage:310 - Check plugin tutovideos
2025-08-22 20:49:01,647 [INFO] PluginManage:359 - Loaded plugin tutovideos (category:base,tabindex:-1)
2025-08-22 20:49:01,647 [INFO] PluginManage:310 - Check plugin updater
2025-08-22 20:49:01,685 [INFO] PluginManage:359 - Loaded plugin updater (category:base,tabindex:12)
2025-08-22 20:49:01,685 [INFO] PluginManage:310 - Check plugin userauth
2025-08-22 20:49:01,693 [INFO] UserAuth:118 - Init User Auth plugin
2025-08-22 20:49:01,694 [INFO] PluginManage:359 - Loaded plugin userauth (category:base,tabindex:14)
2025-08-22 20:49:01,695 [INFO] PluginManage:283 - PluginManage : Loaded plugins [18]
2025-08-22 20:49:02,028 [INFO] PinOutPanel:1589 - setPackage(No Configuration,No Configuration)
2025-08-22 20:49:02,149 [INFO] CADModel:165 - CPN selected for project level
2025-08-22 20:49:02,149 [INFO] CADModel:114 - Register for checkConnection events
2025-08-22 20:49:02,185 [INFO] IPUIPlugin:80 - create IPUIPlugin
2025-08-22 20:49:02,186 [INFO] PluginManager:220 - loadIPPluginJar : add adc
2025-08-22 20:49:02,191 [INFO] IPUIPlugin:80 - create IPUIPlugin
2025-08-22 20:49:02,191 [INFO] PluginManager:220 - loadIPPluginJar : add aes
2025-08-22 20:49:02,195 [INFO] IPUIPlugin:80 - create IPUIPlugin
2025-08-22 20:49:02,196 [INFO] PluginManager:220 - loadIPPluginJar : add can
2025-08-22 20:49:02,199 [INFO] IPUIPlugin:80 - create IPUIPlugin
2025-08-22 20:49:02,199 [INFO] PluginManager:220 - loadIPPluginJar : add comp
2025-08-22 20:49:02,204 [INFO] IPUIPlugin:80 - create IPUIPlugin
2025-08-22 20:49:02,204 [INFO] PluginManager:220 - loadIPPluginJar : add cryp
2025-08-22 20:49:02,210 [INFO] IPUIPlugin:80 - create IPUIPlugin
2025-08-22 20:49:02,211 [INFO] PluginManager:220 - loadIPPluginJar : add ddr_ctrl_phy
2025-08-22 20:49:02,215 [INFO] IPUIPlugin:80 - create IPUIPlugin
2025-08-22 20:49:02,215 [INFO] PluginManager:220 - loadIPPluginJar : add dfsdm
2025-08-22 20:49:02,224 [INFO] IPUIPlugin:80 - create IPUIPlugin
2025-08-22 20:49:02,225 [INFO] PluginManager:220 - loadIPPluginJar : add dma
2025-08-22 20:49:02,230 [INFO] IPUIPlugin:80 - create IPUIPlugin
2025-08-22 20:49:02,230 [INFO] PluginManager:220 - loadIPPluginJar : add dma3
2025-08-22 20:49:02,236 [INFO] IPUIPlugin:80 - create IPUIPlugin
2025-08-22 20:49:02,236 [INFO] PluginManager:220 - loadIPPluginJar : add extmemmanager
2025-08-22 20:49:02,239 [INFO] IPUIPlugin:80 - create IPUIPlugin
2025-08-22 20:49:02,240 [INFO] PluginManager:220 - loadIPPluginJar : add fatfs
2025-08-22 20:49:02,246 [INFO] IPUIPlugin:80 - create IPUIPlugin
2025-08-22 20:49:02,248 [INFO] PluginManager:220 - loadIPPluginJar : add fmc
2025-08-22 20:49:02,257 [INFO] IPUIPlugin:80 - create IPUIPlugin
2025-08-22 20:49:02,257 [INFO] PluginManager:220 - loadIPPluginJar : add freertos
2025-08-22 20:49:02,259 [INFO] IPUIPlugin:80 - create IPUIPlugin
2025-08-22 20:49:02,260 [INFO] PluginManager:220 - loadIPPluginJar : add genericplugin
2025-08-22 20:49:02,264 [INFO] IPUIPlugin:80 - create IPUIPlugin
2025-08-22 20:49:02,264 [INFO] PluginManager:220 - loadIPPluginJar : add gfxmmu
2025-08-22 20:49:02,269 [INFO] IPUIPlugin:80 - create IPUIPlugin
2025-08-22 20:49:02,270 [INFO] PluginManager:220 - loadIPPluginJar : add gic
2025-08-22 20:49:02,276 [INFO] IPUIPlugin:80 - create IPUIPlugin
2025-08-22 20:49:02,276 [INFO] PluginManager:220 - loadIPPluginJar : add gpio
2025-08-22 20:49:02,280 [INFO] IPUIPlugin:80 - create IPUIPlugin
2025-08-22 20:49:02,280 [INFO] PluginManager:220 - loadIPPluginJar : add gtzc
2025-08-22 20:49:02,282 [INFO] IPUIPlugin:80 - create IPUIPlugin
2025-08-22 20:49:02,282 [INFO] PluginManager:220 - loadIPPluginJar : add hash
2025-08-22 20:49:02,287 [INFO] IPUIPlugin:80 - create IPUIPlugin
2025-08-22 20:49:02,287 [INFO] PluginManager:220 - loadIPPluginJar : add i2c
2025-08-22 20:49:02,290 [INFO] IPUIPlugin:80 - create IPUIPlugin
2025-08-22 20:49:02,290 [INFO] PluginManager:220 - loadIPPluginJar : add i2s
2025-08-22 20:49:02,294 [INFO] IPUIPlugin:80 - create IPUIPlugin
2025-08-22 20:49:02,294 [INFO] PluginManager:220 - loadIPPluginJar : add i3c
2025-08-22 20:49:02,298 [INFO] IPUIPlugin:80 - create IPUIPlugin
2025-08-22 20:49:02,298 [INFO] PluginManager:220 - loadIPPluginJar : add ipddr
2025-08-22 20:49:02,310 [INFO] IPUIPlugin:80 - create IPUIPlugin
2025-08-22 20:49:02,310 [INFO] PluginManager:220 - loadIPPluginJar : add linkedlist
2025-08-22 20:49:02,315 [INFO] IPUIPlugin:80 - create IPUIPlugin
2025-08-22 20:49:02,315 [INFO] PluginManager:220 - loadIPPluginJar : add lorawan
2025-08-22 20:49:02,318 [INFO] IPUIPlugin:80 - create IPUIPlugin
2025-08-22 20:49:02,319 [INFO] PluginManager:220 - loadIPPluginJar : add ltdc
2025-08-22 20:49:02,327 [INFO] IPUIPlugin:80 - create IPUIPlugin
2025-08-22 20:49:02,327 [INFO] PluginManager:220 - loadIPPluginJar : add mdma
2025-08-22 20:49:02,333 [INFO] IPUIPlugin:80 - create IPUIPlugin
2025-08-22 20:49:02,333 [INFO] PluginManager:220 - loadIPPluginJar : add nvic
2025-08-22 20:49:02,338 [INFO] IPUIPlugin:80 - create IPUIPlugin
2025-08-22 20:49:02,338 [INFO] PluginManager:220 - loadIPPluginJar : add opamp
2025-08-22 20:49:02,342 [INFO] IPUIPlugin:80 - create IPUIPlugin
2025-08-22 20:49:02,342 [INFO] PluginManager:220 - loadIPPluginJar : add openamp
2025-08-22 20:49:02,349 [INFO] IPUIPlugin:80 - create IPUIPlugin
2025-08-22 20:49:02,350 [INFO] PluginManager:220 - loadIPPluginJar : add pdm2pcm
2025-08-22 20:49:02,360 [INFO] IPUIPlugin:80 - create IPUIPlugin
2025-08-22 20:49:02,363 [INFO] PluginManager:220 - loadIPPluginJar : add plateformsettings
2025-08-22 20:49:02,366 [INFO] IPUIPlugin:80 - create IPUIPlugin
2025-08-22 20:49:02,366 [INFO] PluginManager:220 - loadIPPluginJar : add quadspi
2025-08-22 20:49:02,370 [INFO] IPUIPlugin:80 - create IPUIPlugin
2025-08-22 20:49:02,370 [INFO] PluginManager:220 - loadIPPluginJar : add radio
2025-08-22 20:49:02,377 [INFO] IPUIPlugin:80 - create IPUIPlugin
2025-08-22 20:49:02,377 [INFO] PluginManager:220 - loadIPPluginJar : add resmgrutility
2025-08-22 20:49:02,383 [INFO] IPUIPlugin:80 - create IPUIPlugin
2025-08-22 20:49:02,383 [INFO] PluginManager:220 - loadIPPluginJar : add sai
2025-08-22 20:49:02,388 [INFO] IPUIPlugin:80 - create IPUIPlugin
2025-08-22 20:49:02,388 [INFO] PluginManager:220 - loadIPPluginJar : add spi
2025-08-22 20:49:02,397 [INFO] IPUIPlugin:80 - create IPUIPlugin
2025-08-22 20:49:02,397 [INFO] PluginManager:220 - loadIPPluginJar : add stm32_wpan
2025-08-22 20:49:02,401 [INFO] IPUIPlugin:80 - create IPUIPlugin
2025-08-22 20:49:02,401 [INFO] PluginManager:220 - loadIPPluginJar : add tim
2025-08-22 20:49:02,406 [INFO] IPUIPlugin:80 - create IPUIPlugin
2025-08-22 20:49:02,406 [INFO] PluginManager:220 - loadIPPluginJar : add touchsensing
2025-08-22 20:49:02,410 [INFO] IPUIPlugin:80 - create IPUIPlugin
2025-08-22 20:49:02,410 [INFO] PluginManager:220 - loadIPPluginJar : add tracer_emb
2025-08-22 20:49:02,414 [INFO] IPUIPlugin:80 - create IPUIPlugin
2025-08-22 20:49:02,414 [INFO] PluginManager:220 - loadIPPluginJar : add ts
2025-08-22 20:49:02,417 [INFO] IPUIPlugin:80 - create IPUIPlugin
2025-08-22 20:49:02,417 [INFO] PluginManager:220 - loadIPPluginJar : add tsc
2025-08-22 20:49:02,420 [INFO] IPUIPlugin:80 - create IPUIPlugin
2025-08-22 20:49:02,420 [INFO] PluginManager:220 - loadIPPluginJar : add ucpd
2025-08-22 20:49:02,426 [INFO] IPUIPlugin:80 - create IPUIPlugin
2025-08-22 20:49:02,426 [INFO] PluginManager:220 - loadIPPluginJar : add usart
2025-08-22 20:49:02,431 [INFO] IPUIPlugin:80 - create IPUIPlugin
2025-08-22 20:49:02,431 [INFO] PluginManager:220 - loadIPPluginJar : add usbx
2025-08-22 20:49:02,609 [FATAL] Updater:351 - Updater called before beeing initialized
2025-08-22 20:49:02,668 [INFO] RulesReader:64 - Compatibility file has been processed (301 Rules)
2025-08-22 20:49:02,690 [INFO] RulesReader:64 - Compatibility file has been processed (301 Rules)
2025-08-22 20:49:02,705 [INFO] CADModel:165 - CPN selected for project level
2025-08-22 20:49:02,705 [INFO] CADModel:114 - Register for checkConnection events
2025-08-22 20:49:02,705 [FATAL] Updater:351 - Updater called before beeing initialized
2025-08-22 20:49:02,706 [ERROR] CADModel:125 - Updater not yet initialized, retry later 
2025-08-22 20:49:02,970 [FATAL] Updater:351 - Updater called before beeing initialized
2025-08-22 20:49:02,974 [INFO] CADModel:165 - CPN selected for project level
2025-08-22 20:49:02,974 [INFO] CADModel:114 - Register for checkConnection events
2025-08-22 20:49:02,974 [FATAL] Updater:351 - Updater called before beeing initialized
2025-08-22 20:49:02,974 [ERROR] CADModel:125 - Updater not yet initialized, retry later 
2025-08-22 20:49:02,978 [FATAL] Updater:351 - Updater called before beeing initialized
2025-08-22 20:49:03,152 [FATAL] Updater:351 - Updater called before beeing initialized
2025-08-22 20:49:03,161 [INFO] DbMcusAds:53 - JSON generation date=Tue Jul 08 10:14:23 CEST 2025 (1751962463582)
2025-08-22 20:49:03,161 [FATAL] Updater:351 - Updater called before beeing initialized
2025-08-22 20:49:03,215 [WARN] DetailPanel:346 - Failed to get advertising image, set to default
2025-08-22 20:49:03,533 [FATAL] Updater:351 - Updater called before beeing initialized
2025-08-22 20:49:03,535 [FATAL] Updater:351 - Updater called before beeing initialized
2025-08-22 20:49:03,536 [FATAL] Updater:351 - Updater called before beeing initialized
2025-08-22 20:49:03,536 [WARN] DetailPanel:346 - Failed to get advertising image, set to default
2025-08-22 20:49:03,537 [FATAL] Updater:351 - Updater called before beeing initialized
2025-08-22 20:49:03,614 [ERROR] Updater:1198 - MainUpdater not yet initialized. External WinMGr cannot be set.
2025-08-22 20:49:03,619 [INFO] Updater:1134 - Updater Version found : 6.14.0
2025-08-22 20:49:03,665 [INFO] ApplicationProperties:184 - Using Application install path: C:\ST\STM32CubeIDE_1.16.1\STM32CubeIDE\plugins\com.st.stm32cube.common.mx_6.14.0.202502271554
2025-08-22 20:49:04,310 [INFO] ThirdPartyUpdaterWithRetryManager:70 - Updater plugin not ready yet. [2/15]
2025-08-22 20:49:05,269 [ERROR] LogOutputStream:75 - [STDERR_REDIRECT] Aug 22, 2025 8:49:05 PM java.util.prefs.WindowsPreferences <init>
2025-08-22 20:49:05,276 [ERROR] LogOutputStream:75 - [STDERR_REDIRECT] WARNING: Could not open/create prefs root node Software\JavaSoft\Prefs at root 0xffffffff80000002. Windows RegCreateKeyEx(...) returned error code 5.
2025-08-22 20:49:05,276 [ERROR] LogOutputStream:75 - [STDERR_REDIRECT] 
2025-08-22 20:49:05,472 [INFO] MainUpdater:525 - Copy updater definitions from MX database
2025-08-22 20:49:06,691 [INFO] MainUpdater:2872 - connection check result : 10
2025-08-22 20:49:06,694 [INFO] MainUpdater:3566 - Updater definition file requires update
2025-08-22 20:49:06,694 [INFO] MainUpdater:289 - Updater Check For Update Now.
2025-08-22 20:49:06,699 [INFO] MicroXplorer:498 - Change Database Version : DB.6.0.140
2025-08-22 20:49:06,718 [INFO] McuFinderGlobals:63 - Set McuFinder mode to 2 (CubeIDE integrated)
2025-08-22 20:49:06,722 [INFO] UserAuth:486 - Internet connection configuration mode: 1
2025-08-22 20:49:06,784 [INFO] JxBrowserEngine:152 - Initiate JxBrowser Engine with user profile folder
2025-08-22 20:49:06,978 [INFO] ServerAccessManage:473 - Download File updaters.zip
2025-08-22 20:49:07,316 [WARN] MainUpdater:1193 - Updater busy. Cannot search thirdparties
2025-08-22 20:49:07,318 [INFO] ThirdPartyUpdaterWithRetryManager:96 - Updater plugin is busy. [1/15]
2025-08-22 20:49:07,344 [INFO] FileExtend:242 - Unzip File : updaters.zip
2025-08-22 20:49:07,348 [INFO] FileExtend:257 - Standard Zip Deflate
2025-08-22 20:49:08,613 [INFO] ServerAccessManage:473 - Download File PacksControlFlags.xml
2025-08-22 20:49:08,929 [INFO] ServerAccessManage:473 - Download File cubemx.pidx
2025-08-22 20:49:09,430 [INFO] LoadServerUpdatesThread:375 - End of LoadServerUpdate Thread
2025-08-22 20:49:09,700 [INFO] CheckServerUpdateThread:120 - End of CheckServer Thread
2025-08-22 20:49:11,888 [WARN] PackLoader:240 - Cannot read IP mode file for STMicroelectronics.FP-SNS-MOTENVWB1.1.4.0
2025-08-22 20:49:11,924 [WARN] PackLoader:240 - Cannot read IP mode file for STMicroelectronics.FP-ATR-ASTRA1.2.0.1
2025-08-22 20:49:11,964 [WARN] PackLoader:240 - Cannot read IP mode file for STMicroelectronics.X-CUBE-SMBUS.2.1.0
2025-08-22 20:49:11,999 [WARN] PackLoader:240 - Cannot read IP mode file for STMicroelectronics.X-CUBE-WB05N.1.1.0
2025-08-22 20:49:12,019 [WARN] PackLoader:240 - Cannot read IP mode file for STMicroelectronics.X-CUBE-ST60.1.0.0
2025-08-22 20:49:12,117 [WARN] PackLoader:240 - Cannot read IP mode file for STMicroelectronics.X-CUBE-AZRTOS-F7.1.1.0
2025-08-22 20:49:12,237 [INFO] WebApp:169 - Instantiating new browser for Auth
2025-08-22 20:49:12,354 [WARN] PackLoader:240 - Cannot read IP mode file for STMicroelectronics.X-CUBE-MEMS1.11.0.0
2025-08-22 20:49:12,862 [WARN] PackLoader:240 - Cannot read IP mode file for STMicroelectronics.FP-SNS-FLIGHT1.5.0.2
2025-08-22 20:49:12,949 [WARN] PackLoader:240 - Cannot read IP mode file for STMicroelectronics.X-CUBE-AZRTOS-H7.3.4.0
2025-08-22 20:49:12,984 [WARN] PackLoader:240 - Cannot read IP mode file for STMicroelectronics.X-CUBE-DISPLAY.3.0.0
2025-08-22 20:49:13,002 [WARN] PackLoader:240 - Cannot read IP mode file for STMicroelectronics.X-CUBE-BLE1.7.0.0
2025-08-22 20:49:13,025 [WARN] PackLoader:240 - Cannot read IP mode file for STMicroelectronics.X-CUBE-NFC10.1.0.0
2025-08-22 20:49:13,072 [WARN] PackLoader:240 - Cannot read IP mode file for STMicroelectronics.X-CUBE-BLEMGR.4.0.0
2025-08-22 20:49:13,089 [WARN] PackLoader:240 - Cannot read IP mode file for emotas.I-CUBE-CANOPEN.1.3.0
2025-08-22 20:49:13,110 [WARN] PackLoader:240 - Cannot read IP mode file for STMicroelectronics.X-CUBE-BLEMGR.3.1.0
2025-08-22 20:49:13,143 [WARN] PackLoader:240 - Cannot read IP mode file for STMicroelectronics.X-CUBE-AI.10.0.0
2025-08-22 20:49:13,460 [ERROR] Engine:466 - C:\Users\amen\.stm32cubemx\thirdparties\pdsc\STMicroelectronics.FP-SNS-STBOX1.2.1.0.pdsc: PDSC version is not supported
2025-08-22 20:49:13,494 [WARN] PackLoader:240 - Cannot read IP mode file for STMicroelectronics.FP-SNS-SMARTAG2.1.2.0
2025-08-22 20:49:13,660 [WARN] PackLoader:240 - Cannot read IP mode file for STMicroelectronics.X-CUBE-MEMS1.11.1.0
2025-08-22 20:49:14,055 [INFO] LogOutputStream:77 - [STDOUT_REDIRECT] 1 : Invalid condition id : UX_CORESTACK_Condition cause : null
2025-08-22 20:49:14,057 [INFO] LogOutputStream:77 - [STDOUT_REDIRECT] 1 : Invalid condition id : UX_CORESTACK_Condition cause : null
2025-08-22 20:49:14,061 [INFO] LogOutputStream:77 - [STDOUT_REDIRECT] 1 : Invalid condition id : UX_CORESTACK_Condition cause : null
2025-08-22 20:49:14,064 [INFO] LogOutputStream:77 - [STDOUT_REDIRECT] 1 : Invalid condition id : UX_CORESTACK_Condition cause : null
2025-08-22 20:49:14,069 [INFO] LogOutputStream:77 - [STDOUT_REDIRECT] 1 : Invalid condition id : UX_CORESTACK_Condition cause : null
2025-08-22 20:49:14,078 [WARN] PackLoader:240 - Cannot read IP mode file for STMicroelectronics.X-CUBE-AZRTOS-WL.2.0.0
2025-08-22 20:49:14,128 [WARN] PackLoader:240 - Cannot read IP mode file for STMicroelectronics.FP-SNS-MOTENV1.5.0.0
2025-08-22 20:49:14,137 [WARN] PackLoader:240 - Cannot read IP mode file for wolfSSL.I-CUBE-wolfMQTT.1.19.0
2025-08-22 20:49:14,158 [WARN] PackLoader:240 - Cannot read IP mode file for WES.I-CUBE-Cesium.1.3.0
2025-08-22 20:49:14,170 [WARN] PackLoader:240 - Cannot read IP mode file for STMicroelectronics.X-CUBE-BLE2.3.3.0
2025-08-22 20:49:14,183 [WARN] PackLoader:240 - Cannot read IP mode file for STMicroelectronics.X-CUBE-NFC9.1.0.0
2025-08-22 20:49:14,198 [WARN] PackLoader:240 - Cannot read IP mode file for STMicroelectronics.X-CUBE-TCPP.4.1.0
2025-08-22 20:49:14,221 [WARN] PackLoader:240 - Cannot read IP mode file for STMicroelectronics.X-CUBE-EEPRMA1.5.2.0
2025-08-22 20:49:14,236 [WARN] PackLoader:240 - Cannot read IP mode file for STMicroelectronics.X-CUBE-AI.10.1.0
2025-08-22 20:49:14,460 [WARN] PackLoader:240 - Cannot read IP mode file for STMicroelectronics.X-CUBE-MEMS1.11.2.0
2025-08-22 20:49:14,841 [WARN] PackLoader:240 - Cannot read IP mode file for STMicroelectronics.X-CUBE-AZRTOS-G0.1.1.0
2025-08-22 20:49:14,889 [WARN] PackLoader:240 - Cannot read IP mode file for STMicroelectronics.X-CUBE-SAFEA1.1.2.2
2025-08-22 20:49:14,991 [WARN] PackLoader:240 - Cannot read IP mode file for STMicroelectronics.X-CUBE-NFC4.3.0.0
2025-08-22 20:49:15,074 [WARN] PackLoader:240 - Cannot read IP mode file for EmbeddedOffice.I-CUBE-FS-RTOS.1.0.1
2025-08-22 20:49:15,097 [WARN] PackLoader:240 - Cannot read IP mode file for STMicroelectronics.X-CUBE-WB05N.2.0.0
2025-08-22 20:49:15,116 [WARN] PackLoader:240 - Cannot read IP mode file for STMicroelectronics.X-CUBE-TCPP.4.2.0
2025-08-22 20:49:15,147 [WARN] PackLoader:240 - Cannot read IP mode file for RealThread.X-CUBE-RT-Thread_Nano.4.1.1
2025-08-22 20:49:15,196 [WARN] PackLoader:240 - Cannot read IP mode file for STMicroelectronics.FP-ATR-SIGFOX1.3.2.0
2025-08-22 20:49:15,217 [WARN] ConditionMgr:438 - getConditionDescription Invalid condition id : Cortex-A Device cause : null
2025-08-22 20:49:15,255 [WARN] ConditionMgr:1044 - genDependencies : Invalid condition id : Cortex-A Device cause : null
2025-08-22 20:49:15,255 [WARN] ConditionMgr:1044 - genDependencies : Invalid condition id : Cortex-A Device cause : null
2025-08-22 20:49:15,257 [WARN] ConditionMgr:1044 - genDependencies : Invalid condition id : Cortex-A Device cause : null
2025-08-22 20:49:15,266 [WARN] PackLoader:240 - Cannot read IP mode file for STMicroelectronics.X-CUBE-EEPRMA1.5.1.0
2025-08-22 20:49:15,287 [WARN] PackLoader:240 - Cannot read IP mode file for wolfSSL.I-CUBE-wolfSSL.5.7.4
2025-08-22 20:49:15,316 [WARN] PackLoader:240 - Cannot read IP mode file for ITTIA_DB.I-CUBE-ITTIADB.8.9.0
2025-08-22 20:49:15,354 [WARN] PackLoader:240 - Cannot read IP mode file for STMicroelectronics.X-CUBE-ST67W61.1.0.0
2025-08-22 20:49:15,369 [WARN] PackLoader:240 - Cannot read IP mode file for STMicroelectronics.X-CUBE-AI.10.2.0
2025-08-22 20:49:15,433 [WARN] PackLoader:240 - Cannot read IP mode file for SEGGER.I-CUBE-embOS.1.3.1
2025-08-22 20:49:15,492 [INFO] WebApp:463 - Apply proxy settings
2025-08-22 20:49:15,494 [INFO] WebApp:548 - Chromium requires no authentication
2025-08-22 20:49:15,542 [WARN] PackLoader:240 - Cannot read IP mode file for STMicroelectronics.X-CUBE-ALGOBUILD.1.4.0
2025-08-22 20:49:15,552 [INFO] WebApp:491 - Direct internet connection detected
2025-08-22 20:49:15,663 [WARN] PackLoader:240 - Cannot read IP mode file for STMicroelectronics.X-CUBE-MEMS1.11.3.0
2025-08-22 20:49:15,724 [INFO] WebApp:894 - Register for checkConnection events
2025-08-22 20:49:15,724 [INFO] WebApp:463 - Apply proxy settings
2025-08-22 20:49:15,724 [INFO] WebApp:548 - Chromium requires no authentication
2025-08-22 20:49:15,732 [INFO] WebApp:491 - Direct internet connection detected
2025-08-22 20:49:15,848 [WARN] PackLoader:240 - Cannot read IP mode file for STMicroelectronics.X-CUBE-AI.9.1.0
2025-08-22 20:49:15,871 [WARN] PackLoader:240 - Cannot read IP mode file for STMicroelectronics.X-CUBE-PM33A1.1.0.0
2025-08-22 20:49:15,925 [WARN] PackLoader:240 - Cannot read IP mode file for STMicroelectronics.X-CUBE-AZRTOS-F4.1.1.0
2025-08-22 20:49:15,943 [WARN] PackLoader:240 - Cannot read IP mode file for Avnet-IotConnect.X-CUBE-IoTC-DA16k-PMOD.1.0.0
2025-08-22 20:49:15,956 [WARN] PackLoader:240 - Cannot read IP mode file for STMicroelectronics.X-CUBE-ISPU.2.1.0
2025-08-22 20:49:15,973 [WARN] PackLoader:240 - Cannot read IP mode file for STMicroelectronics.X-CUBE-FREERTOS.1.2.0
2025-08-22 20:49:15,990 [WARN] PackLoader:240 - Cannot read IP mode file for STMicroelectronics.X-CUBE-NFC12.1.0.0
2025-08-22 20:49:16,040 [WARN] PackLoader:240 - Cannot read IP mode file for STMicroelectronics.X-CUBE-AZRTOS-L5.2.0.0
2025-08-22 20:49:16,066 [WARN] PackLoader:240 - Cannot read IP mode file for STMicroelectronics.X-CUBE-NFC6.3.1.0
2025-08-22 20:49:16,113 [WARN] PackLoader:240 - Cannot read IP mode file for STMicroelectronics.X-CUBE-DPower.1.2.0
2025-08-22 20:49:16,126 [WARN] PackLoader:240 - Cannot read IP mode file for STMicroelectronics.X-CUBE-FREERTOS.1.3.1
2025-08-22 20:49:16,261 [WARN] PackLoader:240 - Cannot read IP mode file for STMicroelectronics.X-CUBE-FREERTOS.1.3.0
2025-08-22 20:49:16,295 [WARN] PackLoader:240 - Cannot read IP mode file for STMicroelectronics.X-CUBE-NFC7.1.0.1
2025-08-22 20:49:16,326 [WARN] PackLoader:240 - Cannot read IP mode file for STMicroelectronics.FP-SNS-STAIOTCFT.1.0.0
2025-08-22 20:49:16,353 [WARN] PackLoader:240 - Cannot read IP mode file for STMicroelectronics.X-CUBE-DPower.1.3.0
2025-08-22 20:49:16,421 [WARN] ConditionMgr:438 - getConditionDescription Invalid condition id : LAN8742 Phy interface Condition cause : null
2025-08-22 20:49:16,426 [WARN] PackLoader:240 - Cannot read IP mode file for STMicroelectronics.X-CUBE-AZRTOS-L4.2.0.0
2025-08-22 20:49:16,433 [WARN] ConditionMgr:1044 - genDependencies : Invalid condition id : LAN8742 Phy interface Condition cause : null
2025-08-22 20:49:16,435 [WARN] ConditionMgr:1044 - genDependencies : Invalid condition id : LAN8742 Phy interface Condition cause : null
2025-08-22 20:49:16,436 [WARN] ConditionMgr:1044 - genDependencies : Invalid condition id : LAN8742 Phy interface Condition cause : null
2025-08-22 20:49:16,453 [INFO] WebApp:191 - Connection restablished
2025-08-22 20:49:16,461 [WARN] PackLoader:240 - Cannot read IP mode file for STMicroelectronics.X-CUBE-SFXS2LP1.4.0.0
2025-08-22 20:49:16,579 [WARN] PackLoader:240 - Cannot read IP mode file for STMicroelectronics.X-CUBE-AZRTOS-H7.3.3.0
2025-08-22 20:49:16,688 [WARN] PackLoader:240 - Cannot read IP mode file for STMicroelectronics.X-CUBE-BLEMGR.4.1.0
2025-08-22 20:49:16,805 [WARN] PackLoader:240 - Cannot read IP mode file for STMicroelectronics.X-CUBE-IPS.3.0.0
2025-08-22 20:49:16,958 [WARN] ConditionMgr:438 - getConditionDescription Invalid condition id : UX DEVICE CLASS RTOS Condition cause : null
2025-08-22 20:49:16,960 [WARN] ConditionMgr:438 - getConditionDescription Invalid condition id : UX DEVICE CLASS RTOS Condition cause : null
2025-08-22 20:49:16,966 [WARN] PackLoader:240 - Cannot read IP mode file for STMicroelectronics.X-CUBE-AZRTOS-WB.2.0.0
2025-08-22 20:49:16,968 [WARN] ConditionMgr:1044 - genDependencies : Invalid condition id : UX DEVICE CLASS RTOS Condition cause : null
2025-08-22 20:49:16,970 [WARN] ConditionMgr:1044 - genDependencies : Invalid condition id : UX DEVICE CLASS RTOS Condition cause : null
2025-08-22 20:49:16,972 [WARN] ConditionMgr:1044 - genDependencies : Invalid condition id : UX DEVICE CLASS RTOS Condition cause : null
2025-08-22 20:49:16,978 [WARN] ConditionMgr:1044 - genDependencies : Invalid condition id : UX DEVICE CLASS RTOS Condition cause : null
2025-08-22 20:49:16,978 [WARN] ConditionMgr:1044 - genDependencies : Invalid condition id : UX DEVICE CLASS RTOS Condition cause : null
2025-08-22 20:49:17,028 [WARN] PackLoader:240 - Cannot read IP mode file for STMicroelectronics.X-CUBE-GNSS1.7.0.0
2025-08-22 20:49:17,063 [WARN] PackLoader:240 - Cannot read IP mode file for STMicroelectronics.X-CUBE-GNSS1.7.0.1
2025-08-22 20:49:17,088 [WARN] PackLoader:240 - Cannot read IP mode file for STMicroelectronics.X-CUBE-TOUCHGFX.4.25.0
2025-08-22 20:49:17,108 [WARN] PackLoader:240 - Cannot read IP mode file for STMicroelectronics.FP-SNS-STBOX1.2.0.0
2025-08-22 20:49:17,138 [WARN] PackLoader:240 - Cannot read IP mode file for STMicroelectronics.X-CUBE-SUBG2.5.0.0
2025-08-22 20:49:17,194 [WARN] PackLoader:240 - Cannot read IP mode file for STMicroelectronics.X-CUBE-AZRTOS-H7RS.1.1.0
2025-08-22 20:49:17,220 [WARN] PackLoader:240 - Cannot read IP mode file for Cesanta.I-CUBE-Mongoose.7.13.0
2025-08-22 20:49:17,254 [WARN] PackLoader:240 - Cannot read IP mode file for STMicroelectronics.X-CUBE-AZRTOS-G4.2.0.0
2025-08-22 20:49:17,273 [WARN] PackLoader:240 - Cannot read IP mode file for STMicroelectronics.X-CUBE-NFC7.2.0.0
2025-08-22 20:49:17,305 [WARN] PackLoader:240 - Cannot read IP mode file for STMicroelectronics.X-CUBE-IPS.3.1.0
2025-08-22 20:49:17,357 [WARN] PackLoader:240 - Cannot read IP mode file for STMicroelectronics.X-CUBE-ALS.1.0.2
2025-08-22 20:49:17,375 [WARN] PackLoader:240 - Cannot read IP mode file for STMicroelectronics.X-CUBE-TOUCHGFX.4.24.2
2025-08-22 20:49:17,433 [WARN] PackLoader:240 - Cannot read IP mode file for STMicroelectronics.X-CUBE-TOUCHGFX.4.24.1
2025-08-22 20:49:17,473 [WARN] PackLoader:240 - Cannot read IP mode file for wolfSSL.I-CUBE-wolfTPM.3.4.0
2025-08-22 20:49:17,505 [WARN] PackLoader:240 - Cannot read IP mode file for portGmbH.I-Cube-SoM-uGOAL.1.1.0
2025-08-22 20:49:17,579 [WARN] PackLoader:240 - Cannot read IP mode file for STMicroelectronics.X-CUBE-AZRTOS-H7RS.1.0.0
2025-08-22 20:49:17,617 [WARN] PackLoader:240 - Cannot read IP mode file for STMicroelectronics.X-CUBE-TOF1.3.4.2
2025-08-22 20:49:17,663 [WARN] PackLoader:240 - Cannot read IP mode file for STMicroelectronics.X-CUBE-TOF1.3.4.3
2025-08-22 20:49:17,744 [WARN] PackLoader:240 - Cannot read IP mode file for Infineon.AIROC-Wi-Fi-Bluetooth-STM32.1.6.1
2025-08-22 20:49:17,773 [WARN] PackLoader:240 - Cannot read IP mode file for wolfSSL.I-CUBE-wolfSSH.1.4.17
2025-08-22 20:49:17,775 [INFO] ThirdParty:978 - Integrity check success = true
2025-08-22 20:49:17,777 [INFO] IntegrityCheckThread:100 - exiting critical section [integrity check]
2025-08-22 20:49:17,777 [INFO] IntegrityCheckThread:103 - End integrity checks thread
2025-08-22 20:49:18,165 [INFO] WebApp:225 - Starting web application
2025-08-22 20:49:18,166 [INFO] WebApp:593 - Web application path used C:\ST\STM32CubeIDE_1.16.1\STM32CubeIDE\plugins\com.st.stm32cube.common.mx_6.14.0.202502271554\db\plugins\mcufinder\reactClient1\index.html
2025-08-22 20:49:18,941 [INFO] UserAuth:486 - Internet connection configuration mode: 1
2025-08-22 20:51:19,767 [ERROR] LogOutputStream:75 - [STDERR_REDIRECT] 
2025-08-22 20:51:19,776 [ERROR] LogOutputStream:75 - [STDERR_REDIRECT] 
